<?xml version="1.0" encoding="UTF-8" ?>
<testsuite tests="51" failures="0" name="CucumberTest" time="0.03" errors="0" skipped="4">
  <properties>
    <property name="java.runtime.name" value="Java(TM) SE Runtime Environment"/>
    <property name="sun.boot.library.path" value="C:\Program Files\Java\jdk1.8.0_201\jre\bin"/>
    <property name="java.vm.version" value="25.201-b09"/>
    <property name="java.vm.vendor" value="Oracle Corporation"/>
    <property name="maven.multiModuleProjectDirectory" value="C:\Users\morte\git\Hospital\Hospital"/>
    <property name="java.vendor.url" value="http://java.oracle.com/"/>
    <property name="path.separator" value=";"/>
    <property name="guice.disable.misplaced.annotation.check" value="true"/>
    <property name="java.vm.name" value="Java HotSpot(TM) 64-Bit Server VM"/>
    <property name="file.encoding.pkg" value="sun.io"/>
    <property name="user.script" value=""/>
    <property name="user.country" value="DK"/>
    <property name="sun.java.launcher" value="SUN_STANDARD"/>
    <property name="sun.os.patch.level" value=""/>
    <property name="java.vm.specification.name" value="Java Virtual Machine Specification"/>
    <property name="user.dir" value="C:\Users\morte\git\Hospital\Hospital"/>
    <property name="java.runtime.version" value="1.8.0_201-b09"/>
    <property name="java.awt.graphicsenv" value="sun.awt.Win32GraphicsEnvironment"/>
    <property name="java.endorsed.dirs" value="C:\Program Files\Java\jdk1.8.0_201\jre\lib\endorsed"/>
    <property name="os.arch" value="amd64"/>
    <property name="java.io.tmpdir" value="C:\Users\morte\AppData\Local\Temp\"/>
    <property name="line.separator" value="
"/>
    <property name="java.vm.specification.vendor" value="Oracle Corporation"/>
    <property name="user.variant" value=""/>
    <property name="os.name" value="Windows 10"/>
    <property name="classworlds.conf" value="C:\Users\morte\eclipse-workspace\.metadata\.plugins\org.eclipse.m2e.launching\launches\m2conf4395993323527232892.tmp"/>
    <property name="sun.jnu.encoding" value="Cp1252"/>
    <property name="java.library.path" value="C:\Program Files\Java\jdk1.8.0_201\bin;C:\WINDOWS\Sun\Java\bin;C:\WINDOWS\system32;C:\WINDOWS;C:/Program Files/Java/jre1.8.0_201/bin/server;C:/Program Files/Java/jre1.8.0_201/bin;C:/Program Files/Java/jre1.8.0_201/lib/amd64;C:\Program Files (x86)\Common Files\Oracle\Java\javapath;C:\Program Files (x86)\Intel\iCLS Client\;C:\Program Files\Intel\iCLS Client\;C:\WINDOWS\system32;C:\WINDOWS;C:\WINDOWS\System32\Wbem;C:\WINDOWS\System32\WindowsPowerShell\v1.0\;C:\Program Files (x86)\Intel\Intel(R) Management Engine Components\DAL;C:\Program Files\Intel\Intel(R) Management Engine Components\DAL;C:\Program Files (x86)\Intel\Intel(R) Management Engine Components\IPT;C:\Program Files\Intel\Intel(R) Management Engine Components\IPT;C:\Program Files (x86)\CineForm\Tools;C:\Program Files (x86)\GoPro\Tools;C:\Program Files (x86)\QuickTime\QTSystem\;C:\Program Files\Intel\WiFi\bin\;C:\Program Files\Common Files\Intel\WirelessCommon\;C:\Program Files\PuTTY\;C:\WINDOWS\System32\OpenSSH\;C:\Program Files\MATLAB\R2018a\bin;C:\Users\morte\AppData\Local\Programs\Python\Python37\Scripts\;C:\Users\morte\AppData\Local\Programs\Python\Python37\;C:\Python\Scripts\;C:\Python\;C:\Users\morte\AppData\Local\Microsoft\WindowsApps;C:\Program Files\Java\jdk1.8.0_201\bin;C:\Users\morte\Downloads\FsLexYacc.7.0.6\build;C:\Users\morte\AppData\Local\GitHubDesktop\bin;C:\Program Files (x86)\Graphviz2.38\bin;;C:\Program Files (x86)\eclipse;;."/>
    <property name="java.specification.name" value="Java Platform API Specification"/>
    <property name="java.class.version" value="52.0"/>
    <property name="sun.management.compiler" value="HotSpot 64-Bit Tiered Compilers"/>
    <property name="os.version" value="10.0"/>
    <property name="user.home" value="C:\Users\morte"/>
    <property name="user.timezone" value="Europe/Paris"/>
    <property name="java.awt.printerjob" value="sun.awt.windows.WPrinterJob"/>
    <property name="java.specification.version" value="1.8"/>
    <property name="file.encoding" value="Cp1252"/>
    <property name="user.name" value="morte"/>
    <property name="java.class.path" value="C:\Program Files (x86)\eclipse\plugins\org.eclipse.m2e.maven.runtime_1.10.0.20181127-2120\jars\plexus-classworlds-2.5.2.jar"/>
    <property name="java.vm.specification.version" value="1.8"/>
    <property name="sun.arch.data.model" value="64"/>
    <property name="java.home" value="C:\Program Files\Java\jdk1.8.0_201\jre"/>
    <property name="sun.java.command" value="org.codehaus.plexus.classworlds.launcher.Launcher -B test"/>
    <property name="java.specification.vendor" value="Oracle Corporation"/>
    <property name="user.language" value="da"/>
    <property name="awt.toolkit" value="sun.awt.windows.WToolkit"/>
    <property name="java.vm.info" value="mixed mode"/>
    <property name="java.version" value="1.8.0_201"/>
    <property name="java.ext.dirs" value="C:\Program Files\Java\jdk1.8.0_201\jre\lib\ext;C:\WINDOWS\Sun\Java\lib\ext"/>
    <property name="sun.boot.class.path" value="C:\Program Files\Java\jdk1.8.0_201\jre\lib\resources.jar;C:\Program Files\Java\jdk1.8.0_201\jre\lib\rt.jar;C:\Program Files\Java\jdk1.8.0_201\jre\lib\sunrsasign.jar;C:\Program Files\Java\jdk1.8.0_201\jre\lib\jsse.jar;C:\Program Files\Java\jdk1.8.0_201\jre\lib\jce.jar;C:\Program Files\Java\jdk1.8.0_201\jre\lib\charsets.jar;C:\Program Files\Java\jdk1.8.0_201\jre\lib\jfr.jar;C:\Program Files\Java\jdk1.8.0_201\jre\classes"/>
    <property name="java.vendor" value="Oracle Corporation"/>
    <property name="maven.home" value="C:\Users\morte\git\Hospital\Hospital\EMBEDDED"/>
    <property name="file.separator" value="\"/>
    <property name="java.vendor.url.bug" value="http://bugreport.sun.com/bugreport/"/>
    <property name="sun.cpu.endian" value="little"/>
    <property name="sun.io.unicode.encoding" value="UnicodeLittle"/>
    <property name="sun.desktop" value="windows"/>
    <property name="sun.cpu.isalist" value="amd64"/>
  </properties>
  <testcase classname="Scenario: Nurse searching for patients" name="Given That I am a nurse" time="0"/>
  <testcase classname="Scenario: Nurse searching for patients" name="And I have a patient register" time="0"/>
  <testcase classname="Scenario: Nurse searching for patients" name="And the patient register contains several patients" time="0"/>
  <testcase classname="Scenario: Nurse searching for patients" name="Then I should be able to search for a patient" time="0"/>
  <testcase classname="Scenario: Nurse searching for patients" name="And edit or view the patients health data" time="0">
    <skipped/>
  </testcase>
  <testcase classname="Scenario: Nurse searching for patients" name="Scenario: Nurse searching for patients" time="0">
    <skipped/>
  </testcase>
  <testcase classname="Scenario: Nurse searching for patients" name="Scenario: Nurse searching for patients" time="0"/>
  <testcase classname="Scenario: Doctor searching for patients" name="Given That I am a doctor" time="0"/>
  <testcase classname="Scenario: Doctor searching for patients" name="And I have a patient register" time="0"/>
  <testcase classname="Scenario: Doctor searching for patients" name="And the patient register contains several patients" time="0"/>
  <testcase classname="Scenario: Doctor searching for patients" name="Then I should be able to search for a patient" time="0"/>
  <testcase classname="Scenario: Doctor searching for patients" name="And edit the patients heatlh data" time="0">
    <skipped/>
  </testcase>
  <testcase classname="Scenario: Doctor searching for patients" name="Scenario: Doctor searching for patients" time="0">
    <skipped/>
  </testcase>
  <testcase classname="Scenario: Doctor searching for patients" name="Scenario: Doctor searching for patients" time="0"/>
  <testcase classname="Scenario: Nurse trying to edit staff register" name="Given That I am a nurse" time="0"/>
  <testcase classname="Scenario: Nurse trying to edit staff register" name="And I have a a staff register" time="0"/>
  <testcase classname="Scenario: Nurse trying to edit staff register" name="Then I should not be able to add staff to the staff register" time="0"/>
  <testcase classname="Scenario: Nurse trying to edit staff register" name="Scenario: Nurse trying to edit staff register" time="0"/>
  <testcase classname="Scenario: Nurse trying to search staff register" name="Given That I am a nurse" time="0"/>
  <testcase classname="Scenario: Nurse trying to search staff register" name="And I have a a staff register" time="0"/>
  <testcase classname="Scenario: Nurse trying to search staff register" name="Then I should not be able search for staff" time="0"/>
  <testcase classname="Scenario: Nurse trying to search staff register" name="Scenario: Nurse trying to search staff register" time="0"/>
  <testcase classname="Scenario: Doctor trying to edit staff register" name="Given That I am a doctor" time="0"/>
  <testcase classname="Scenario: Doctor trying to edit staff register" name="And I have a a staff register" time="0"/>
  <testcase classname="Scenario: Doctor trying to edit staff register" name="Then I should not be able to add staff to the staff register" time="0"/>
  <testcase classname="Scenario: Doctor trying to edit staff register" name="Scenario: Doctor trying to edit staff register" time="0"/>
  <testcase classname="Scenario: Doctor trying to search staff register" name="Given That I am a doctor" time="0"/>
  <testcase classname="Scenario: Doctor trying to search staff register" name="And I have a a staff register" time="0"/>
  <testcase classname="Scenario: Doctor trying to search staff register" name="Then I should not be able search for staff" time="0"/>
  <testcase classname="Scenario: Doctor trying to search staff register" name="Scenario: Doctor trying to search staff register" time="0"/>
  <testcase classname="Scenario: Registering a patient" name="Given That I am a clerk" time="0"/>
  <testcase classname="Scenario: Registering a patient" name="And I have a patient register" time="0"/>
  <testcase classname="Scenario: Registering a patient" name="When a patient needs to be admitted" time="0"/>
  <testcase classname="Scenario: Registering a patient" name="Then I should be able to add the patient to the patient register" time="0"/>
  <testcase classname="Scenario: Registering a patient" name="And assign him a unique serialnumber" time="0"/>
  <testcase classname="Scenario: Registering a patient" name="Scenario: Registering a patient" time="0"/>
  <testcase classname="Scenario: Searching for a patient" name="Given That I am a clerk" time="0"/>
  <testcase classname="Scenario: Searching for a patient" name="And I have a patient register" time="0"/>
  <testcase classname="Scenario: Searching for a patient" name="And the patient register contains several patients" time="0"/>
  <testcase classname="Scenario: Searching for a patient" name="Then I should be able to search for a patient" time="0"/>
  <testcase classname="Scenario: Searching for a patient" name="Scenario: Searching for a patient" time="0"/>
  <testcase classname="Scenario: Searching for a staff member" name="Given That I am a clerk" time="0"/>
  <testcase classname="Scenario: Searching for a staff member" name="And I have a a staff register" time="0"/>
  <testcase classname="Scenario: Searching for a staff member" name="Then I should not be able to add staff to the staff register" time="0.015"/>
  <testcase classname="Scenario: Searching for a staff member" name="Scenario: Searching for a staff member" time="0.015"/>
  <testcase classname="Scenario: Editing a patients information" name="Given That I am a clerk" time="0"/>
  <testcase classname="Scenario: Editing a patients information" name="And I have a patient register" time="0"/>
  <testcase classname="Scenario: Editing a patients information" name="And the patient register contains several patients" time="0"/>
  <testcase classname="Scenario: Editing a patients information" name="Then I should be able to search for a patient" time="0"/>
  <testcase classname="Scenario: Editing a patients information" name="And edit their information" time="0"/>
  <testcase classname="Scenario: Editing a patients information" name="Scenario: Editing a patients information" time="0"/>
</testsuite>